e:\documents\visual studio 2013\oop_project\machine\debug\vc120.pdb
e:\documents\visual studio 2013\oop_project\machine\debug\vc120.idb
e:\documents\visual studio 2013\oop_project\machine\debug\constant.obj
e:\documents\visual studio 2013\oop_project\machine\debug\operands.obj
e:\documents\visual studio 2013\oop_project\machine\debug\variable.obj
e:\documents\visual studio 2013\oop_project\machine\debug\machine.obj
e:\documents\visual studio 2013\oop_project\machine\debug\operations.obj
e:\documents\visual studio 2013\oop_project\machine\debug\output.obj
e:\documents\visual studio 2013\oop_project\machine\debug\addition.obj
e:\documents\visual studio 2013\oop_project\machine\debug\assignement.obj
e:\documents\visual studio 2013\oop_project\machine\debug\dividation.obj
e:\documents\visual studio 2013\oop_project\machine\debug\exponentation.obj
e:\documents\visual studio 2013\oop_project\machine\debug\multiplication.obj
e:\documents\visual studio 2013\oop_project\machine\debug\subtraction.obj
e:\documents\visual studio 2013\dataflowmachinesimulator\machine\debug\vc120.pdb
e:\documents\visual studio 2013\dataflowmachinesimulator\machine\debug\vc120.idb
e:\documents\visual studio 2013\dataflowmachinesimulator\machine\debug\addition.obj
e:\documents\visual studio 2013\dataflowmachinesimulator\machine\debug\assignement.obj
e:\documents\visual studio 2013\dataflowmachinesimulator\machine\debug\constant.obj
e:\documents\visual studio 2013\dataflowmachinesimulator\machine\debug\dividation.obj
e:\documents\visual studio 2013\dataflowmachinesimulator\machine\debug\exponentation.obj
e:\documents\visual studio 2013\dataflowmachinesimulator\machine\debug\machine.obj
e:\documents\visual studio 2013\dataflowmachinesimulator\machine\debug\multiplication.obj
e:\documents\visual studio 2013\dataflowmachinesimulator\machine\debug\operands.obj
e:\documents\visual studio 2013\dataflowmachinesimulator\machine\debug\operations.obj
e:\documents\visual studio 2013\dataflowmachinesimulator\machine\debug\output.obj
e:\documents\visual studio 2013\dataflowmachinesimulator\machine\debug\subtraction.obj
e:\documents\visual studio 2013\dataflowmachinesimulator\machine\debug\variable.obj
e:\documents\visual studio 2013\oop_project\debug\machine.lib
e:\documents\visual studio 2013\dataflowmachinesimulator\debug\machine.lib
e:\documents\visual studio 2013\dataflowmachinesimulator\machine\debug\machine.tlog\cl.command.1.tlog
e:\documents\visual studio 2013\dataflowmachinesimulator\machine\debug\machine.tlog\cl.read.1.tlog
e:\documents\visual studio 2013\dataflowmachinesimulator\machine\debug\machine.tlog\cl.write.1.tlog
e:\documents\visual studio 2013\dataflowmachinesimulator\machine\debug\machine.tlog\lib-link.read.1.tlog
e:\documents\visual studio 2013\dataflowmachinesimulator\machine\debug\machine.tlog\lib-link.write.1.tlog
e:\documents\visual studio 2013\dataflowmachinesimulator\machine\debug\machine.tlog\lib.command.1.tlog
