Build started 8/31/2016 3:10:08 PM.
     1>Project "E:\Documents\Visual Studio 2013\DataFlowMachineSimulator\Machine\Machine.vcxproj" on node 2 (Build target(s)).
     1>ClCompile:
         C:\Program Files (x86)\Microsoft Visual Studio 12.0\VC\bin\CL.exe /c /IEngine /I"E:\Documents\Visual Studio 2013\DataFlowMachineSimulator\Memory" /ZI /nologo /W3 /WX- /Od /Oy- /D WIN32 /D _DEBUG /D _LIB /D _UNICODE /D UNICODE /Gm /EHsc /RTC1 /MDd /GS /fp:precise /Zc:wchar_t /Zc:forScope /Fo"Debug\\" /Fd"Debug\vc120.pdb" /Gd /TP /analyze- /errorReport:prompt Addition.cpp Assignement.cpp Constant.cpp Dividation.cpp Exponentation.cpp Machine.cpp Multiplication.cpp Operands.cpp Operations.cpp Output.cpp Subtraction.cpp Variable.cpp
         Variable.cpp
     1>e:\documents\visual studio 2013\dataflowmachinesimulator\machine\variable.cpp(27): warning C4101: 'e' : unreferenced local variable
         Subtraction.cpp
         Output.cpp
         Operations.cpp
         Operands.cpp
         Multiplication.cpp
         Machine.cpp
         Exponentation.cpp
         Dividation.cpp
         Constant.cpp
         Assignement.cpp
         Addition.cpp
         Generating Code...
     1>e:\documents\visual studio 2013\dataflowmachinesimulator\machine\operands.cpp(27): warning C4715: 'Operand::makeOperand' : not all control paths return a value
       Lib:
         C:\Program Files (x86)\Microsoft Visual Studio 12.0\VC\bin\Lib.exe /OUT:"E:\Documents\Visual Studio 2013\DataFlowMachineSimulator\Debug\Machine.lib" /NOLOGO Debug\Addition.obj
         Debug\Assignement.obj
         Debug\Constant.obj
         Debug\Dividation.obj
         Debug\Exponentation.obj
         Debug\Machine.obj
         Debug\Multiplication.obj
         Debug\Operands.obj
         Debug\Operations.obj
         Debug\Output.obj
         Debug\Subtraction.obj
         Debug\Variable.obj
         Machine.vcxproj -> E:\Documents\Visual Studio 2013\DataFlowMachineSimulator\Debug\Machine.lib
     1>Done Building Project "E:\Documents\Visual Studio 2013\DataFlowMachineSimulator\Machine\Machine.vcxproj" (Build target(s)).

Build succeeded.

Time Elapsed 00:00:05.48
