Build started 8/31/2016 3:10:07 PM.
     1>Project "E:\Documents\Visual Studio 2013\DataFlowMachineSimulator\Compile\Compile.vcxproj" on node 4 (Build target(s)).
     1>ClCompile:
         C:\Program Files (x86)\Microsoft Visual Studio 12.0\VC\bin\CL.exe /c /ZI /nologo /W3 /WX- /Od /Oy- /D WIN32 /D _DEBUG /D _LIB /D _UNICODE /D UNICODE /Gm /EHsc /RTC1 /MDd /GS /fp:precise /Zc:wchar_t /Zc:forScope /Fo"Debug\\" /Fd"Debug\vc120.pdb" /Gd /TP /analyze- /errorReport:prompt Compiler.cpp InfixToPostfix.cpp Tokens.cpp StringProcessUtility.cpp
         StringProcessUtility.cpp
         Tokens.cpp
         InfixToPostfix.cpp
     1>e:\documents\visual studio 2013\dataflowmachinesimulator\compile\infixtopostfix.cpp(16): warning C4018: '<' : signed/unsigned mismatch
         Compiler.cpp
         Generating Code...
     1>e:\documents\visual studio 2013\dataflowmachinesimulator\compile\stringprocessutility.cpp(58): warning C4715: 'Compiler::getOperatorWeight' : not all control paths return a value
       Lib:
         C:\Program Files (x86)\Microsoft Visual Studio 12.0\VC\bin\Lib.exe /OUT:"E:\Documents\Visual Studio 2013\DataFlowMachineSimulator\Debug\Compile.lib" /NOLOGO Debug\Compiler.obj
         Debug\InfixToPostfix.obj
         Debug\Tokens.obj
         Debug\StringProcessUtility.obj
         Compile.vcxproj -> E:\Documents\Visual Studio 2013\DataFlowMachineSimulator\Debug\Compile.lib
     1>Done Building Project "E:\Documents\Visual Studio 2013\DataFlowMachineSimulator\Compile\Compile.vcxproj" (Build target(s)).

Build succeeded.

Time Elapsed 00:00:02.22
