e:\documents\visual studio 2013\oop_project\compile\debug\vc120.pdb
e:\documents\visual studio 2013\oop_project\compile\debug\vc120.idb
e:\documents\visual studio 2013\oop_project\compile\debug\compiler.obj
e:\documents\visual studio 2013\oop_project\compile\debug\infixtopostfix.obj
e:\documents\visual studio 2013\oop_project\compile\debug\tokens.obj
e:\documents\visual studio 2013\oop_project\compile\debug\stringprocessutility.obj
e:\documents\visual studio 2013\oop_project\debug\compile.lib
e:\documents\visual studio 2013\dataflowmachinesimulator\compile\debug\compiler.obj
e:\documents\visual studio 2013\dataflowmachinesimulator\compile\debug\infixtopostfix.obj
e:\documents\visual studio 2013\dataflowmachinesimulator\compile\debug\stringprocessutility.obj
e:\documents\visual studio 2013\dataflowmachinesimulator\compile\debug\tokens.obj
e:\documents\visual studio 2013\dataflowmachinesimulator\compile\debug\vc120.idb
e:\documents\visual studio 2013\dataflowmachinesimulator\compile\debug\vc120.pdb
e:\documents\visual studio 2013\dataflowmachinesimulator\debug\compile.lib
e:\documents\visual studio 2013\dataflowmachinesimulator\compile\debug\compile.tlog\cl.command.1.tlog
e:\documents\visual studio 2013\dataflowmachinesimulator\compile\debug\compile.tlog\cl.read.1.tlog
e:\documents\visual studio 2013\dataflowmachinesimulator\compile\debug\compile.tlog\cl.write.1.tlog
e:\documents\visual studio 2013\dataflowmachinesimulator\compile\debug\compile.tlog\lib-link.read.1.tlog
e:\documents\visual studio 2013\dataflowmachinesimulator\compile\debug\compile.tlog\lib-link.write.1.tlog
e:\documents\visual studio 2013\dataflowmachinesimulator\compile\debug\compile.tlog\lib.command.1.tlog
